(19:26:59) INFO:    [Legendary]:        Legendary location: /opt/Heroic/resources/app.asar.unpacked/build/bin/x64/linux/legendary
(19:26:59) INFO:    [Gog]:              GOGDL location: /opt/Heroic/resources/app.asar.unpacked/build/bin/x64/linux/gogdl
(19:26:59) INFO:    [Connection]:       Connectivity: check-online
(19:26:59) INFO:    [Connection]:       Pinging external endpoints
(19:26:59) INFO:    [Gog]:              Checking for existing gog manifests
(19:26:59) WARNING: [Backend]:          Protocol already registered.
(19:26:59) INFO:    [Connection]:       Connectivity: online
(19:26:59) ERROR:   [Gog]:              Unable to syncQueued playtime, userData not present
(19:26:59) INFO:    [Gog]:              Running command: GOGDL_CONFIG_PATH=/home/xion/.config/heroic/gogdlConfig /opt/Heroic/resources/app.asar.unpacked/build/bin/x64/linux/gogdl --auth-config-path /home/xion/.config/heroic/gog_store/auth.json auth
(19:26:59) INFO:    [Legendary]:        Running command: LEGENDARY_CONFIG_PATH=/home/xion/.config/heroic/legendaryConfig/legendary /opt/Heroic/resources/app.asar.unpacked/build/bin/x64/linux/legendary --version
(19:26:59) INFO:    [Gog]:              Running command: GOGDL_CONFIG_PATH=/home/xion/.config/heroic/gogdlConfig /opt/Heroic/resources/app.asar.unpacked/build/bin/x64/linux/gogdl --auth-config-path /home/xion/.config/heroic/gog_store/auth.json --version
(19:26:59) INFO:    [Nile]:             Running command: NILE_CONFIG_PATH=/home/xion/.config/heroic/nile_config /opt/Heroic/resources/app.asar.unpacked/build/bin/x64/linux/nile --version
(19:26:59) INFO:    [Backend]:          AreWeAntiCheatYet data downloaded
(19:27:00) INFO:    [Backend]:          
System Information:
CPU: 8x 11th Gen Intel(R) Core(TM) i5-1145G7 @ 2.60GHz
Memory: 16.12 GB (used: 1.24 GB)
GPUs:
  GPU 0:
    Name: Intel Corporation TigerLake-LP GT2 [Iris Xe Graphics]
    IDs: D=9a49 V=8086 SD=0a20 SV=1028
    Driver: i915
OS: Arch Linux 6.14.7-arch2-1 (linux)

The current system is not a Steam Deck
We are not running inside a Flatpak container

Software Versions:
  Heroic: 2.16.1 Scopper Gaban
  Legendary: 0.20.36 Urban Flight (Heroic)
  gogdl: 1.1.2
  comet: comet 0.2.0
  Nile: 1.1.2 Will A. Zeppeli

(19:27:00) INFO:    [Frontend]:         Refreshing undefined Library
(19:27:00) WARNING: [Backend]:          refresh not implemented on Sideload Library Manager
(19:27:00) INFO:    [Legendary]:        Refreshing library...
(19:27:00) INFO:    [Legendary]:        Refreshing Epic Games...
(19:27:00) INFO:    [Backend]:          Frontend Ready
(19:27:00) INFO:    [Backend]:          Checking for new Heroic Updates
(19:27:00) INFO:    [Backend]:          Checking for current version changelog
(19:27:00) INFO:    [Legendary]:        Running command: LEGENDARY_CONFIG_PATH=/home/xion/.config/heroic/legendaryConfig/legendary /opt/Heroic/resources/app.asar.unpacked/build/bin/x64/linux/legendary list --third-party
(19:27:01) INFO:    [Legendary]:        Game list updated, got 23 games & DLCs
(19:27:01) WARNING: [Backend]:          listUpdateableGames not implemented on Sideload Library Manager
(19:27:01) INFO:    [Legendary]:        Checking for game updates: LEGENDARY_CONFIG_PATH=/home/xion/.config/heroic/legendaryConfig/legendary /opt/Heroic/resources/app.asar.unpacked/build/bin/x64/linux/legendary list --third-party
(19:27:01) INFO:    [Legendary]:        Found 0 games to update
(19:27:02) INFO:    [Winetricks]:       Downloading Winetricks
(19:27:04) INFO:    [WineDownloader]:   Updating wine versions info
(19:27:04) INFO:    [WineDownloader]:   Fetching upstream information...
(19:27:05) INFO:    [WineDownloader]:   wine versions updated
(19:27:05) INFO:    [Backend]:          Starting the Download Queue
(19:27:14) INFO:    [Legendary]:        Computing save path for save folder {AppData}/Sifu/Saved/SaveGames/{EpicID}/
(19:27:14) INFO:    [Backend]:          Checking if wine version exists: Proton - proton-ge-custom
(19:27:14) INFO:    [Backend]:          Checking if wine version exists: Proton - proton-ge-custom
(19:27:14) DEBUG:   [Backend]:          Running Wine command: run wineboot --init
(19:27:15) INFO:    [Legendary]:        Computing default save path for d36336f190094951873ed6138ac208d8
(19:27:15) INFO:    [Legendary]:        Getting default save path: STEAM_COMPAT_CLIENT_INSTALL_PATH=/home/xion/.steam/steam WINEPREFIX=/home/xion/Games/Heroic/Prefixes/default/Sifu STEAM_COMPAT_DATA_PATH=/home/xion/Games/Heroic/Prefixes/default/Sifu PROTONPATH=/usr/share/steam/compatibilitytools.d/proton-ge-custom WINE_FULLSCREEN_FSR=0 PROTON_ENABLE_NVAPI=1 DXVK_NVAPI_ALLOW_OTHER_DRIVERS=1 STEAM_COMPAT_APP_ID=0 SteamAppId=0 SteamGameId=heroic-0 PROTON_LOG_DIR=/home/xion LEGENDARY_CONFIG_PATH=/home/xion/.config/heroic/legendaryConfig/legendary /opt/Heroic/resources/app.asar.unpacked/build/bin/x64/linux/legendary sync-saves d36336f190094951873ed6138ac208d8 --skip-upload --skip-download --accept-path
(19:27:16) INFO:    [Legendary]:        installed.json updated, refreshing library
(19:27:16) ERROR:   [Legendary]:        Unable to compute default save path for d36336f190094951873ed6138ac208d8
(19:27:26) INFO:    [Legendary]:        Uninstalling d36336f190094951873ed6138ac208d8: LEGENDARY_CONFIG_PATH=/home/xion/.config/heroic/legendaryConfig/legendary /opt/Heroic/resources/app.asar.unpacked/build/bin/x64/linux/legendary uninstall d36336f190094951873ed6138ac208d8 -y
(19:27:26) INFO:    [Backend]:          Preventing machine to sleep
(19:27:27) INFO:    [Legendary]:        installed.json updated, refreshing library
(19:27:27) INFO:    [Legendary]:        installed.json updated, refreshing library
(19:27:27) INFO:    [Backend]:          Finished uninstalling
(19:27:27) INFO:    [Frontend]:         Refreshing legendary Library
(19:27:27) INFO:    [Legendary]:        Refreshing library...
(19:27:27) INFO:    [Legendary]:        Refreshing Epic Games...
(19:27:27) INFO:    [Backend]:          Desktop shortcut removed
(19:27:27) INFO:    [Backend]:          Applications shortcut removed
(19:27:27) INFO:    [Backend]:          Preventing machine to sleep
(19:27:27) INFO:    [Legendary]:        Running command: LEGENDARY_CONFIG_PATH=/home/xion/.config/heroic/legendaryConfig/legendary /opt/Heroic/resources/app.asar.unpacked/build/bin/x64/linux/legendary list --third-party
(19:27:27) INFO:    [Backend]:          Stopping Power Saver Blocker
(19:27:27) INFO:    [Legendary]:        Game list updated, got 23 games & DLCs
